#
# There is insufficient memory for the Java Runtime Environment to continue.
# Native memory allocation (malloc) failed to allocate 32744 bytes for ChunkPool::allocate
# Possible reasons:
#   The system is out of physical RAM or swap space
#   The process is running with CompressedOops enabled, and the Java Heap may be blocking the growth of the native heap
# Possible solutions:
#   Reduce memory load on the system
#   Increase physical memory or swap space
#   Check if swap backing store is full
#   Decrease Java heap size (-Xmx/-Xms)
#   Decrease number of Java threads
#   Decrease Java thread stack sizes (-Xss)
#   Set larger code cache with -XX:ReservedCodeCacheSize=
#   JVM is running with Unscaled Compressed Oops mode in which the Java heap is
#     placed in the first 4GB address space. The Java Heap base address is the
#     maximum limit for the native heap growth. Please use -XX:HeapBaseMinAddress
#     to set the Java Heap base and to place the Java Heap above 4GB virtual address.
# This output file may be truncated or incomplete.
#
#  Out of Memory Error (./src/hotspot/share/memory/arena.cpp:81), pid=22104, tid=19588
#
# JRE version: OpenJDK Runtime Environment JBR-11.0.9.1.11-1145.63-jcef (11.0.9.1+11) (build 11.0.9.1+11-b1145.63)
# Java VM: OpenJDK 64-Bit Server VM JBR-11.0.9.1.11-1145.63-jcef (11.0.9.1+11-b1145.63, mixed mode, tiered, compressed oops, g1 gc, windows-amd64)
# No core dump will be written. Minidumps are not enabled by default on client versions of Windows
#

---------------  S U M M A R Y ------------

Command Line: org.jetbrains.git4idea.http.GitAskPassApp Username for 'https://github.com': 

Host: Intel(R) Core(TM) i7-8550U CPU @ 1.80GHz, 8 cores, 7G,  Windows 10 , 64 bit Build 19041 (10.0.19041.292)
Time: Sat Jan 30 05:23:01 2021 Sri Lanka Standard Time elapsed time: 0.197538 seconds (0d 0h 0m 0s)

---------------  T H R E A D  ---------------

Current thread (0x00000226b12d0000):  JavaThread "C1 CompilerThread0" daemon [_thread_in_native, id=19588, stack(0x0000002e7c100000,0x0000002e7c200000)]


Current CompileTask:
C1:    197  196       3       jdk.internal.org.objectweb.asm.Frame::execute (2264 bytes)

Stack: [0x0000002e7c100000,0x0000002e7c200000]
Native frames: (J=compiled Java code, j=interpreted, Vv=VM code, C=native code)
V  [jvm.dll+0x5edd9a]
V  [jvm.dll+0x7229c5]
V  [jvm.dll+0x723f1d]
V  [jvm.dll+0x7245d3]
V  [jvm.dll+0x2431b8]
V  [jvm.dll+0xbc59b]
V  [jvm.dll+0xbc84c]
V  [jvm.dll+0x1ab7ad]
V  [jvm.dll+0x1ab199]
V  [jvm.dll+0x1520de]
V  [jvm.dll+0x14eebe]
V  [jvm.dll+0x13b440]
V  [jvm.dll+0x1238e0]
V  [jvm.dll+0x123479]
V  [jvm.dll+0x1235e3]
V  [jvm.dll+0x1228f7]
V  [jvm.dll+0x1244c7]
V  [jvm.dll+0x209957]
V  [jvm.dll+0x2081a1]
V  [jvm.dll+0x6eb73f]
V  [jvm.dll+0x6e42d5]
V  [jvm.dll+0x5ecd46]
C  [ucrtbase.dll+0x214c2]
C  [KERNEL32.DLL+0x16fd4]
C  [ntdll.dll+0x4cec1]


---------------  P R O C E S S  ---------------

Threads class SMR info:
_java_thread_list=0x00000226b140a600, length=10, elements={
0x00000226944ce800, 0x00000226b0918000, 0x00000226b0941800, 0x00000226b12c9800,
0x00000226b12cc000, 0x00000226b12cd000, 0x00000226b12d0000, 0x00000226b094e000,
0x00000226b142b000, 0x00000226b1425800
}

Java Threads: ( => current thread )
  0x00000226944ce800 JavaThread "main" [_thread_blocked, id=13920, stack(0x0000002e7b500000,0x0000002e7b600000)]
  0x00000226b0918000 JavaThread "Reference Handler" daemon [_thread_blocked, id=19680, stack(0x0000002e7bc00000,0x0000002e7bd00000)]
  0x00000226b0941800 JavaThread "Finalizer" daemon [_thread_blocked, id=19660, stack(0x0000002e7bd00000,0x0000002e7be00000)]
  0x00000226b12c9800 JavaThread "Signal Dispatcher" daemon [_thread_blocked, id=15008, stack(0x0000002e7be00000,0x0000002e7bf00000)]
  0x00000226b12cc000 JavaThread "Attach Listener" daemon [_thread_blocked, id=3584, stack(0x0000002e7bf00000,0x0000002e7c000000)]
  0x00000226b12cd000 JavaThread "C2 CompilerThread0" daemon [_thread_blocked, id=11828, stack(0x0000002e7c000000,0x0000002e7c100000)]
=>0x00000226b12d0000 JavaThread "C1 CompilerThread0" daemon [_thread_in_native, id=19588, stack(0x0000002e7c100000,0x0000002e7c200000)]
  0x00000226b094e000 JavaThread "Sweeper thread" daemon [_thread_blocked, id=9360, stack(0x0000002e7c200000,0x0000002e7c300000)]
  0x00000226b142b000 JavaThread "Service Thread" daemon [_thread_blocked, id=10036, stack(0x0000002e7c300000,0x0000002e7c400000)]
  0x00000226b1425800 JavaThread "Common-Cleaner" daemon [_thread_blocked, id=13992, stack(0x0000002e7c500000,0x0000002e7c600000)]

Other Threads:
  0x00000226b0915800 VMThread "VM Thread" [stack: 0x0000002e7bb00000,0x0000002e7bc00000] [id=1720]
  0x00000226b1421800 WatcherThread [stack: 0x0000002e7c400000,0x0000002e7c500000] [id=17208]
  0x00000226944e4000 GCTaskThread "GC Thread#0" [stack: 0x0000002e7b600000,0x0000002e7b700000] [id=23564]
  0x0000022694516800 ConcurrentGCThread "G1 Main Marker" [stack: 0x0000002e7b700000,0x0000002e7b800000] [id=22244]
  0x0000022694518800 ConcurrentGCThread "G1 Conc#0" [stack: 0x0000002e7b800000,0x0000002e7b900000] [id=6956]
  0x00000226b0781800 ConcurrentGCThread "G1 Refine#0" [stack: 0x0000002e7b900000,0x0000002e7ba00000] [id=1392]
  0x00000226945aa800 ConcurrentGCThread "G1 Young RemSet Sampling" [stack: 0x0000002e7ba00000,0x0000002e7bb00000] [id=8436]

Threads with active compile tasks:
C1 CompilerThread0    235  196       3       jdk.internal.org.objectweb.asm.Frame::execute (2264 bytes)

VM state:not at safepoint (normal execution)

VM Mutex/Monitor currently owned by a thread: None

OutOfMemory and StackOverflow Exception counts:
OutOfMemoryError java_heap_errors=1

Heap address: 0x0000000081800000, size: 2024 MB, Compressed Oops mode: 32-bit
Narrow klass base: 0x0000000000000000, Narrow klass shift: 3
Compressed class space size: 1073741824 Address: 0x0000000100000000

Heap:
 garbage-first heap   total 131072K, used 1024K [0x0000000081800000, 0x0000000100000000)
  region size 1024K, 2 young (2048K), 0 survivors (0K)
 Metaspace       used 6334K, capacity 6485K, committed 6528K, reserved 1067008K
  class space    used 559K, capacity 606K, committed 640K, reserved 1048576K
Heap Regions: E=young(eden), S=young(survivor), O=old, HS=humongous(starts), HC=humongous(continues), CS=collection set, F=free, A=archive, TAMS=top-at-mark-start (previous, next)
|   0|0x0000000081800000, 0x0000000081800000, 0x0000000081900000|  0%| F|  |TAMS 0x0000000081800000, 0x0000000081800000| Untracked 
|   1|0x0000000081900000, 0x0000000081900000, 0x0000000081a00000|  0%| F|  |TAMS 0x0000000081900000, 0x0000000081900000| Untracked 
|   2|0x0000000081a00000, 0x0000000081a00000, 0x0000000081b00000|  0%| F|  |TAMS 0x0000000081a00000, 0x0000000081a00000| Untracked 
|   3|0x0000000081b00000, 0x0000000081b00000, 0x0000000081c00000|  0%| F|  |TAMS 0x0000000081b00000, 0x0000000081b00000| Untracked 
|   4|0x0000000081c00000, 0x0000000081c00000, 0x0000000081d00000|  0%| F|  |TAMS 0x0000000081c00000, 0x0000000081c00000| Untracked 
|   5|0x0000000081d00000, 0x0000000081d00000, 0x0000000081e00000|  0%| F|  |TAMS 0x0000000081d00000, 0x0000000081d00000| Untracked 
|   6|0x0000000081e00000, 0x0000000081e00000, 0x0000000081f00000|  0%| F|  |TAMS 0x0000000081e00000, 0x0000000081e00000| Untracked 
|   7|0x0000000081f00000, 0x0000000081f00000, 0x0000000082000000|  0%| F|  |TAMS 0x0000000081f00000, 0x0000000081f00000| Untracked 
|   8|0x0000000082000000, 0x0000000082000000, 0x0000000082100000|  0%| F|  |TAMS 0x0000000082000000, 0x0000000082000000| Untracked 
|   9|0x0000000082100000, 0x0000000082100000, 0x0000000082200000|  0%| F|  |TAMS 0x0000000082100000, 0x0000000082100000| Untracked 
|  10|0x0000000082200000, 0x0000000082200000, 0x0000000082300000|  0%| F|  |TAMS 0x0000000082200000, 0x0000000082200000| Untracked 
|  11|0x0000000082300000, 0x0000000082300000, 0x0000000082400000|  0%| F|  |TAMS 0x0000000082300000, 0x0000000082300000| Untracked 
|  12|0x0000000082400000, 0x0000000082400000, 0x0000000082500000|  0%| F|  |TAMS 0x0000000082400000, 0x0000000082400000| Untracked 
|  13|0x0000000082500000, 0x0000000082500000, 0x0000000082600000|  0%| F|  |TAMS 0x0000000082500000, 0x0000000082500000| Untracked 
|  14|0x0000000082600000, 0x0000000082600000, 0x0000000082700000|  0%| F|  |TAMS 0x0000000082600000, 0x0000000082600000| Untracked 
|  15|0x0000000082700000, 0x0000000082700000, 0x0000000082800000|  0%| F|  |TAMS 0x0000000082700000, 0x0000000082700000| Untracked 
|  16|0x0000000082800000, 0x0000000082800000, 0x0000000082900000|  0%| F|  |TAMS 0x0000000082800000, 0x0000000082800000| Untracked 
|  17|0x0000000082900000, 0x0000000082900000, 0x0000000082a00000|  0%| F|  |TAMS 0x0000000082900000, 0x0000000082900000| Untracked 
|  18|0x0000000082a00000, 0x0000000082a00000, 0x0000000082b00000|  0%| F|  |TAMS 0x0000000082a00000, 0x0000000082a00000| Untracked 
|  19|0x0000000082b00000, 0x0000000082b00000, 0x0000000082c00000|  0%| F|  |TAMS 0x0000000082b00000, 0x0000000082b00000| Untracked 
|  20|0x0000000082c00000, 0x0000000082c00000, 0x0000000082d00000|  0%| F|  |TAMS 0x0000000082c00000, 0x0000000082c00000| Untracked 
|  21|0x0000000082d00000, 0x0000000082d00000, 0x0000000082e00000|  0%| F|  |TAMS 0x0000000082d00000, 0x0000000082d00000| Untracked 
|  22|0x0000000082e00000, 0x0000000082e00000, 0x0000000082f00000|  0%| F|  |TAMS 0x0000000082e00000, 0x0000000082e00000| Untracked 
|  23|0x0000000082f00000, 0x0000000082f00000, 0x0000000083000000|  0%| F|  |TAMS 0x0000000082f00000, 0x0000000082f00000| Untracked 
|  24|0x0000000083000000, 0x0000000083000000, 0x0000000083100000|  0%| F|  |TAMS 0x0000000083000000, 0x0000000083000000| Untracked 
|  25|0x0000000083100000, 0x0000000083100000, 0x0000000083200000|  0%| F|  |TAMS 0x0000000083100000, 0x0000000083100000| Untracked 
|  26|0x0000000083200000, 0x0000000083200000, 0x0000000083300000|  0%| F|  |TAMS 0x0000000083200000, 0x0000000083200000| Untracked 
|  27|0x0000000083300000, 0x0000000083300000, 0x0000000083400000|  0%| F|  |TAMS 0x0000000083300000, 0x0000000083300000| Untracked 
|  28|0x0000000083400000, 0x0000000083400000, 0x0000000083500000|  0%| F|  |TAMS 0x0000000083400000, 0x0000000083400000| Untracked 
|  29|0x0000000083500000, 0x0000000083500000, 0x0000000083600000|  0%| F|  |TAMS 0x0000000083500000, 0x0000000083500000| Untracked 
|  30|0x0000000083600000, 0x0000000083600000, 0x0000000083700000|  0%| F|  |TAMS 0x0000000083600000, 0x0000000083600000| Untracked 
|  31|0x0000000083700000, 0x0000000083700000, 0x0000000083800000|  0%| F|  |TAMS 0x0000000083700000, 0x0000000083700000| Untracked 
|  32|0x0000000083800000, 0x0000000083800000, 0x0000000083900000|  0%| F|  |TAMS 0x0000000083800000, 0x0000000083800000| Untracked 
|  33|0x0000000083900000, 0x0000000083900000, 0x0000000083a00000|  0%| F|  |TAMS 0x0000000083900000, 0x0000000083900000| Untracked 
|  34|0x0000000083a00000, 0x0000000083a00000, 0x0000000083b00000|  0%| F|  |TAMS 0x0000000083a00000, 0x0000000083a00000| Untracked 
|  35|0x0000000083b00000, 0x0000000083b00000, 0x0000000083c00000|  0%| F|  |TAMS 0x0000000083b00000, 0x0000000083b00000| Untracked 
|  36|0x0000000083c00000, 0x0000000083c00000, 0x0000000083d00000|  0%| F|  |TAMS 0x0000000083c00000, 0x0000000083c00000| Untracked 
|  37|0x0000000083d00000, 0x0000000083d00000, 0x0000000083e00000|  0%| F|  |TAMS 0x0000000083d00000, 0x0000000083d00000| Untracked 
|  38|0x0000000083e00000, 0x0000000083e00000, 0x0000000083f00000|  0%| F|  |TAMS 0x0000000083e00000, 0x0000000083e00000| Untracked 
|  39|0x0000000083f00000, 0x0000000083f00000, 0x0000000084000000|  0%| F|  |TAMS 0x0000000083f00000, 0x0000000083f00000| Untracked 
|  40|0x0000000084000000, 0x0000000084000000, 0x0000000084100000|  0%| F|  |TAMS 0x0000000084000000, 0x0000000084000000| Untracked 
|  41|0x0000000084100000, 0x0000000084100000, 0x0000000084200000|  0%| F|  |TAMS 0x0000000084100000, 0x0000000084100000| Untracked 
|  42|0x0000000084200000, 0x0000000084200000, 0x0000000084300000|  0%| F|  |TAMS 0x0000000084200000, 0x0000000084200000| Untracked 
|  43|0x0000000084300000, 0x0000000084300000, 0x0000000084400000|  0%| F|  |TAMS 0x0000000084300000, 0x0000000084300000| Untracked 
|  44|0x0000000084400000, 0x0000000084400000, 0x0000000084500000|  0%| F|  |TAMS 0x0000000084400000, 0x0000000084400000| Untracked 
|  45|0x0000000084500000, 0x0000000084500000, 0x0000000084600000|  0%| F|  |TAMS 0x0000000084500000, 0x0000000084500000| Untracked 
|  46|0x0000000084600000, 0x0000000084600000, 0x0000000084700000|  0%| F|  |TAMS 0x0000000084600000, 0x0000000084600000| Untracked 
|  47|0x0000000084700000, 0x0000000084700000, 0x0000000084800000|  0%| F|  |TAMS 0x0000000084700000, 0x0000000084700000| Untracked 
|  48|0x0000000084800000, 0x0000000084800000, 0x0000000084900000|  0%| F|  |TAMS 0x0000000084800000, 0x0000000084800000| Untracked 
|  49|0x0000000084900000, 0x0000000084900000, 0x0000000084a00000|  0%| F|  |TAMS 0x0000000084900000, 0x0000000084900000| Untracked 
|  50|0x0000000084a00000, 0x0000000084a00000, 0x0000000084b00000|  0%| F|  |TAMS 0x0000000084a00000, 0x0000000084a00000| Untracked 
|  51|0x0000000084b00000, 0x0000000084b00000, 0x0000000084c00000|  0%| F|  |TAMS 0x0000000084b00000, 0x0000000084b00000| Untracked 
|  52|0x0000000084c00000, 0x0000000084c00000, 0x0000000084d00000|  0%| F|  |TAMS 0x0000000084c00000, 0x0000000084c00000| Untracked 
|  53|0x0000000084d00000, 0x0000000084d00000, 0x0000000084e00000|  0%| F|  |TAMS 0x0000000084d00000, 0x0000000084d00000| Untracked 
|  54|0x0000000084e00000, 0x0000000084e00000, 0x0000000084f00000|  0%| F|  |TAMS 0x0000000084e00000, 0x0000000084e00000| Untracked 
|  55|0x0000000084f00000, 0x0000000084f00000, 0x0000000085000000|  0%| F|  |TAMS 0x0000000084f00000, 0x0000000084f00000| Untracked 
|  56|0x0000000085000000, 0x0000000085000000, 0x0000000085100000|  0%| F|  |TAMS 0x0000000085000000, 0x0000000085000000| Untracked 
|  57|0x0000000085100000, 0x0000000085100000, 0x0000000085200000|  0%| F|  |TAMS 0x0000000085100000, 0x0000000085100000| Untracked 
|  58|0x0000000085200000, 0x0000000085200000, 0x0000000085300000|  0%| F|  |TAMS 0x0000000085200000, 0x0000000085200000| Untracked 
|  59|0x0000000085300000, 0x0000000085300000, 0x0000000085400000|  0%| F|  |TAMS 0x0000000085300000, 0x0000000085300000| Untracked 
|  60|0x0000000085400000, 0x0000000085400000, 0x0000000085500000|  0%| F|  |TAMS 0x0000000085400000, 0x0000000085400000| Untracked 
|  61|0x0000000085500000, 0x0000000085500000, 0x0000000085600000|  0%| F|  |TAMS 0x0000000085500000, 0x0000000085500000| Untracked 
|  62|0x0000000085600000, 0x0000000085600000, 0x0000000085700000|  0%| F|  |TAMS 0x0000000085600000, 0x0000000085600000| Untracked 
|  63|0x0000000085700000, 0x0000000085700000, 0x0000000085800000|  0%| F|  |TAMS 0x0000000085700000, 0x0000000085700000| Untracked 
|  64|0x0000000085800000, 0x0000000085800000, 0x0000000085900000|  0%| F|  |TAMS 0x0000000085800000, 0x0000000085800000| Untracked 
|  65|0x0000000085900000, 0x0000000085900000, 0x0000000085a00000|  0%| F|  |TAMS 0x0000000085900000, 0x0000000085900000| Untracked 
|  66|0x0000000085a00000, 0x0000000085a00000, 0x0000000085b00000|  0%| F|  |TAMS 0x0000000085a00000, 0x0000000085a00000| Untracked 
|  67|0x0000000085b00000, 0x0000000085b00000, 0x0000000085c00000|  0%| F|  |TAMS 0x0000000085b00000, 0x0000000085b00000| Untracked 
|  68|0x0000000085c00000, 0x0000000085c00000, 0x0000000085d00000|  0%| F|  |TAMS 0x0000000085c00000, 0x0000000085c00000| Untracked 
|  69|0x0000000085d00000, 0x0000000085d00000, 0x0000000085e00000|  0%| F|  |TAMS 0x0000000085d00000, 0x0000000085d00000| Untracked 
|  70|0x0000000085e00000, 0x0000000085e00000, 0x0000000085f00000|  0%| F|  |TAMS 0x0000000085e00000, 0x0000000085e00000| Untracked 
|  71|0x0000000085f00000, 0x0000000085f00000, 0x0000000086000000|  0%| F|  |TAMS 0x0000000085f00000, 0x0000000085f00000| Untracked 
|  72|0x0000000086000000, 0x0000000086000000, 0x0000000086100000|  0%| F|  |TAMS 0x0000000086000000, 0x0000000086000000| Untracked 
|  73|0x0000000086100000, 0x0000000086100000, 0x0000000086200000|  0%| F|  |TAMS 0x0000000086100000, 0x0000000086100000| Untracked 
|  74|0x0000000086200000, 0x0000000086200000, 0x0000000086300000|  0%| F|  |TAMS 0x0000000086200000, 0x0000000086200000| Untracked 
|  75|0x0000000086300000, 0x0000000086300000, 0x0000000086400000|  0%| F|  |TAMS 0x0000000086300000, 0x0000000086300000| Untracked 
|  76|0x0000000086400000, 0x0000000086400000, 0x0000000086500000|  0%| F|  |TAMS 0x0000000086400000, 0x0000000086400000| Untracked 
|  77|0x0000000086500000, 0x0000000086500000, 0x0000000086600000|  0%| F|  |TAMS 0x0000000086500000, 0x0000000086500000| Untracked 
|  78|0x0000000086600000, 0x0000000086600000, 0x0000000086700000|  0%| F|  |TAMS 0x0000000086600000, 0x0000000086600000| Untracked 
|  79|0x0000000086700000, 0x0000000086700000, 0x0000000086800000|  0%| F|  |TAMS 0x0000000086700000, 0x0000000086700000| Untracked 
|  80|0x0000000086800000, 0x0000000086800000, 0x0000000086900000|  0%| F|  |TAMS 0x0000000086800000, 0x0000000086800000| Untracked 
|  81|0x0000000086900000, 0x0000000086900000, 0x0000000086a00000|  0%| F|  |TAMS 0x0000000086900000, 0x0000000086900000| Untracked 
|  82|0x0000000086a00000, 0x0000000086a00000, 0x0000000086b00000|  0%| F|  |TAMS 0x0000000086a00000, 0x0000000086a00000| Untracked 
|  83|0x0000000086b00000, 0x0000000086b00000, 0x0000000086c00000|  0%| F|  |TAMS 0x0000000086b00000, 0x0000000086b00000| Untracked 
|  84|0x0000000086c00000, 0x0000000086c00000, 0x0000000086d00000|  0%| F|  |TAMS 0x0000000086c00000, 0x0000000086c00000| Untracked 
|  85|0x0000000086d00000, 0x0000000086d00000, 0x0000000086e00000|  0%| F|  |TAMS 0x0000000086d00000, 0x0000000086d00000| Untracked 
|  86|0x0000000086e00000, 0x0000000086e00000, 0x0000000086f00000|  0%| F|  |TAMS 0x0000000086e00000, 0x0000000086e00000| Untracked 
|  87|0x0000000086f00000, 0x0000000086f00000, 0x0000000087000000|  0%| F|  |TAMS 0x0000000086f00000, 0x0000000086f00000| Untracked 
|  88|0x0000000087000000, 0x0000000087000000, 0x0000000087100000|  0%| F|  |TAMS 0x0000000087000000, 0x0000000087000000| Untracked 
|  89|0x0000000087100000, 0x0000000087100000, 0x0000000087200000|  0%| F|  |TAMS 0x0000000087100000, 0x0000000087100000| Untracked 
|  90|0x0000000087200000, 0x0000000087200000, 0x0000000087300000|  0%| F|  |TAMS 0x0000000087200000, 0x0000000087200000| Untracked 
|  91|0x0000000087300000, 0x0000000087300000, 0x0000000087400000|  0%| F|  |TAMS 0x0000000087300000, 0x0000000087300000| Untracked 
|  92|0x0000000087400000, 0x0000000087400000, 0x0000000087500000|  0%| F|  |TAMS 0x0000000087400000, 0x0000000087400000| Untracked 
|  93|0x0000000087500000, 0x0000000087500000, 0x0000000087600000|  0%| F|  |TAMS 0x0000000087500000, 0x0000000087500000| Untracked 
|  94|0x0000000087600000, 0x0000000087600000, 0x0000000087700000|  0%| F|  |TAMS 0x0000000087600000, 0x0000000087600000| Untracked 
|  95|0x0000000087700000, 0x0000000087700000, 0x0000000087800000|  0%| F|  |TAMS 0x0000000087700000, 0x0000000087700000| Untracked 
|  96|0x0000000087800000, 0x0000000087800000, 0x0000000087900000|  0%| F|  |TAMS 0x0000000087800000, 0x0000000087800000| Untracked 
|  97|0x0000000087900000, 0x0000000087900000, 0x0000000087a00000|  0%| F|  |TAMS 0x0000000087900000, 0x0000000087900000| Untracked 
|  98|0x0000000087a00000, 0x0000000087a00000, 0x0000000087b00000|  0%| F|  |TAMS 0x0000000087a00000, 0x0000000087a00000| Untracked 
|  99|0x0000000087b00000, 0x0000000087b00000, 0x0000000087c00000|  0%| F|  |TAMS 0x0000000087b00000, 0x0000000087b00000| Untracked 
| 100|0x0000000087c00000, 0x0000000087c00000, 0x0000000087d00000|  0%| F|  |TAMS 0x0000000087c00000, 0x0000000087c00000| Untracked 
| 101|0x0000000087d00000, 0x0000000087d00000, 0x0000000087e00000|  0%| F|  |TAMS 0x0000000087d00000, 0x0000000087d00000| Untracked 
| 102|0x0000000087e00000, 0x0000000087e00000, 0x0000000087f00000|  0%| F|  |TAMS 0x0000000087e00000, 0x0000000087e00000| Untracked 
| 103|0x0000000087f00000, 0x0000000087f00000, 0x0000000088000000|  0%| F|  |TAMS 0x0000000087f00000, 0x0000000087f00000| Untracked 
| 104|0x0000000088000000, 0x0000000088000000, 0x0000000088100000|  0%| F|  |TAMS 0x0000000088000000, 0x0000000088000000| Untracked 
| 105|0x0000000088100000, 0x0000000088100000, 0x0000000088200000|  0%| F|  |TAMS 0x0000000088100000, 0x0000000088100000| Untracked 
| 106|0x0000000088200000, 0x0000000088200000, 0x0000000088300000|  0%| F|  |TAMS 0x0000000088200000, 0x0000000088200000| Untracked 
| 107|0x0000000088300000, 0x0000000088300000, 0x0000000088400000|  0%| F|  |TAMS 0x0000000088300000, 0x0000000088300000| Untracked 
| 108|0x0000000088400000, 0x0000000088400000, 0x0000000088500000|  0%| F|  |TAMS 0x0000000088400000, 0x0000000088400000| Untracked 
| 109|0x0000000088500000, 0x0000000088500000, 0x0000000088600000|  0%| F|  |TAMS 0x0000000088500000, 0x0000000088500000| Untracked 
| 110|0x0000000088600000, 0x0000000088600000, 0x0000000088700000|  0%| F|  |TAMS 0x0000000088600000, 0x0000000088600000| Untracked 
| 111|0x0000000088700000, 0x0000000088700000, 0x0000000088800000|  0%| F|  |TAMS 0x0000000088700000, 0x0000000088700000| Untracked 
| 112|0x0000000088800000, 0x0000000088800000, 0x0000000088900000|  0%| F|  |TAMS 0x0000000088800000, 0x0000000088800000| Untracked 
| 113|0x0000000088900000, 0x0000000088900000, 0x0000000088a00000|  0%| F|  |TAMS 0x0000000088900000, 0x0000000088900000| Untracked 
| 114|0x0000000088a00000, 0x0000000088a00000, 0x0000000088b00000|  0%| F|  |TAMS 0x0000000088a00000, 0x0000000088a00000| Untracked 
| 115|0x0000000088b00000, 0x0000000088b00000, 0x0000000088c00000|  0%| F|  |TAMS 0x0000000088b00000, 0x0000000088b00000| Untracked 
| 116|0x0000000088c00000, 0x0000000088c00000, 0x0000000088d00000|  0%| F|  |TAMS 0x0000000088c00000, 0x0000000088c00000| Untracked 
| 117|0x0000000088d00000, 0x0000000088d00000, 0x0000000088e00000|  0%| F|  |TAMS 0x0000000088d00000, 0x0000000088d00000| Untracked 
| 118|0x0000000088e00000, 0x0000000088e00000, 0x0000000088f00000|  0%| F|  |TAMS 0x0000000088e00000, 0x0000000088e00000| Untracked 
| 119|0x0000000088f00000, 0x0000000088f00000, 0x0000000089000000|  0%| F|  |TAMS 0x0000000088f00000, 0x0000000088f00000| Untracked 
| 120|0x0000000089000000, 0x0000000089000000, 0x0000000089100000|  0%| F|  |TAMS 0x0000000089000000, 0x0000000089000000| Untracked 
| 121|0x0000000089100000, 0x0000000089100000, 0x0000000089200000|  0%| F|  |TAMS 0x0000000089100000, 0x0000000089100000| Untracked 
| 122|0x0000000089200000, 0x0000000089200000, 0x0000000089300000|  0%| F|  |TAMS 0x0000000089200000, 0x0000000089200000| Untracked 
| 123|0x0000000089300000, 0x0000000089300000, 0x0000000089400000|  0%| F|  |TAMS 0x0000000089300000, 0x0000000089300000| Untracked 
| 124|0x0000000089400000, 0x0000000089400000, 0x0000000089500000|  0%| F|  |TAMS 0x0000000089400000, 0x0000000089400000| Untracked 
| 125|0x0000000089500000, 0x0000000089500000, 0x0000000089600000|  0%| F|  |TAMS 0x0000000089500000, 0x0000000089500000| Untracked 
| 126|0x0000000089600000, 0x00000000896f64c8, 0x0000000089700000| 96%| E|  |TAMS 0x0000000089600000, 0x0000000089600000| Complete 
| 127|0x0000000089700000, 0x0000000089800000, 0x0000000089800000|100%| E|CS|TAMS 0x0000000089700000, 0x0000000089700000| Complete 

Card table byte_map: [0x00000226a9720000,0x00000226a9b20000] _byte_map_base: 0x00000226a9314000

Marking Bits (Prev, Next): (CMBitMap*) 0x000002269450d9b8, (CMBitMap*) 0x000002269450d9f0
 Prev Bits: [0x00000226a9f20000, 0x00000226abec0000)
 Next Bits: [0x00000226abec0000, 0x00000226ade60000)

Polling page: 0x00000226945b0000

Metaspace:

Usage:
  Non-class:      5.74 MB capacity,     5.64 MB ( 98%) used,   100.54 KB (  2%) free+waste,     3.69 KB ( <1%) overhead. 
      Class:    606.00 KB capacity,   559.41 KB ( 92%) used,    44.78 KB (  7%) free+waste,     1.81 KB ( <1%) overhead. 
       Both:      6.33 MB capacity,     6.19 MB ( 98%) used,   145.32 KB (  2%) free+waste,     5.50 KB ( <1%) overhead. 

Virtual space:
  Non-class space:       18.00 MB reserved,       5.75 MB ( 32%) committed 
      Class space:        1.00 GB reserved,     640.00 KB ( <1%) committed 
             Both:        1.02 GB reserved,       6.38 MB ( <1%) committed 

Chunk freelists:
   Non-Class:  9.00 KB
       Class:  2.00 KB
        Both:  11.00 KB

MaxMetaspaceSize: 17179869184.00 GB
CompressedClassSpaceSize: 1.00 GB

CodeHeap 'non-profiled nmethods': size=120000Kb used=56Kb max_used=56Kb free=119944Kb
 bounds [0x00000226a1390000, 0x00000226a1600000, 0x00000226a88c0000]
CodeHeap 'profiled nmethods': size=120000Kb used=243Kb max_used=243Kb free=119756Kb
 bounds [0x0000022699e60000, 0x000002269a0d0000, 0x00000226a1390000]
CodeHeap 'non-nmethods': size=5760Kb used=1055Kb max_used=1066Kb free=4705Kb
 bounds [0x00000226998c0000, 0x0000022699b30000, 0x0000022699e60000]
 total_blobs=555 nmethods=209 adapters=258
 compilation: enabled
              stopped_count=0, restarted_count=0
 full_count=0

Compilation events (20 events):
Event: 0.167 Thread 0x00000226b12d0000  188       3       java.lang.invoke.MethodType$ConcurrentWeakInternSet::get (54 bytes)
Event: 0.167 Thread 0x00000226b12d0000 nmethod 188 0x0000022699e96f10 code [0x0000022699e97180, 0x0000022699e97e18]
Event: 0.167 Thread 0x00000226b12d0000  187       3       java.lang.Number::<init> (5 bytes)
Event: 0.167 Thread 0x00000226b12d0000 nmethod 187 0x0000022699e98210 code [0x0000022699e983c0, 0x0000022699e98518]
Event: 0.167 Thread 0x00000226b12d0000  190       3       sun.invoke.util.VerifyAccess::isTypeVisible (118 bytes)
Event: 0.169 Thread 0x00000226b12d0000 nmethod 190 0x0000022699e98610 code [0x0000022699e989c0, 0x0000022699e9a4a8]
Event: 0.169 Thread 0x00000226b12d0000  191       3       java.lang.invoke.MemberName::testAllFlags (7 bytes)
Event: 0.169 Thread 0x00000226b12d0000 nmethod 191 0x0000022699e9ad10 code [0x0000022699e9aec0, 0x0000022699e9b078]
Event: 0.169 Thread 0x00000226b12d0000  193       3       java.lang.invoke.LambdaForm$Name::initIndex (26 bytes)
Event: 0.169 Thread 0x00000226b12d0000 nmethod 193 0x0000022699e9b110 code [0x0000022699e9b2c0, 0x0000022699e9b458]
Event: 0.169 Thread 0x00000226b12d0000  192       3       java.lang.invoke.LambdaForm$Name::<init> (54 bytes)
Event: 0.169 Thread 0x00000226b12d0000 nmethod 192 0x0000022699e9b510 code [0x0000022699e9b6e0, 0x0000022699e9b998]
Event: 0.169 Thread 0x00000226b12d0000  199       3       java.util.ImmutableCollections$ListN::get (7 bytes)
Event: 0.169 Thread 0x00000226b12d0000 nmethod 199 0x0000022699e9ba90 code [0x0000022699e9bc40, 0x0000022699e9bd78]
Event: 0.169 Thread 0x00000226b12d0000  202       3       java.lang.invoke.LambdaForm$Name::useCount (42 bytes)
Event: 0.169 Thread 0x00000226b12d0000 nmethod 202 0x0000022699e9be10 code [0x0000022699e9bfe0, 0x0000022699e9c2d8]
Event: 0.169 Thread 0x00000226b12d0000  194       3       java.util.Arrays::copyOf (40 bytes)
Event: 0.170 Thread 0x00000226b12d0000 nmethod 194 0x0000022699e9c410 code [0x0000022699e9c620, 0x0000022699e9ccc8]
Event: 0.170 Thread 0x00000226b12d0000  196       3       jdk.internal.org.objectweb.asm.Frame::execute (2264 bytes)
Event: 0.170 Thread 0x00000226b12cd000  210       4       java.lang.StringLatin1::indexOf (61 bytes)

GC Heap History (0 events):
No events

Deoptimization events (4 events):
Event: 0.103 Thread 0x00000226944ce800 Uncommon trap: trap_request=0xffffff4d fr.pc=0x00000226a1393efc relative=0x00000000000001dc
Event: 0.103 Thread 0x00000226944ce800 Uncommon trap: reason=unstable_if action=reinterpret pc=0x00000226a1393efc method=java.lang.String.hashCode()I @ 14 c2
Event: 0.103 Thread 0x00000226944ce800 DEOPT PACKING pc=0x00000226a1393efc sp=0x0000002e7b5fd500
Event: 0.103 Thread 0x00000226944ce800 DEOPT UNPACKING pc=0x00000226998e74af sp=0x0000002e7b5fd498 mode 2

Classes redefined (0 events):
No events

Internal exceptions (0 events):
No events

Events (20 events):
Event: 0.169 loading class java/lang/invoke/BoundMethodHandle$Species_LLLLLLIIL done
Event: 0.170 loading class org/apache/xmlrpc/XmlRpcClientLite
Event: 0.170 loading class org/apache/xmlrpc/XmlRpcClientLite done
Event: 0.171 loading class org/apache/xmlrpc/XmlRpcClient
Event: 0.171 loading class org/apache/xmlrpc/XmlRpcClient done
Event: 0.171 loading class org/apache/xmlrpc/XmlRpcHandler
Event: 0.171 loading class org/apache/xmlrpc/XmlRpcHandler done
Event: 0.171 loading class java/util/EmptyStackException
Event: 0.172 loading class java/util/EmptyStackException done
Event: 0.172 loading class java/util/Stack
Event: 0.172 loading class java/util/Stack done
Event: 0.172 loading class org/apache/xmlrpc/XmlRpcClientRequest
Event: 0.172 loading class org/apache/xmlrpc/XmlRpcClientRequest done
Event: 0.172 loading class org/apache/xmlrpc/XmlRpcTransport
Event: 0.172 loading class org/apache/xmlrpc/XmlRpcTransport done
Event: 0.172 loading class org/apache/xmlrpc/XmlRpcClient$XmlRpcClientAsyncThread
Event: 0.172 loading class org/apache/xmlrpc/XmlRpcClient$XmlRpcClientAsyncThread done
Event: 0.172 loading class java/lang/NumberFormatException
Event: 0.172 loading class java/lang/NumberFormatException done
Event: 0.173 loading class java/net/URL$2


Dynamic libraries:
0x00007ff60df50000 - 0x00007ff60df5a000 	C:\Program Files\JetBrains\IntelliJ IDEA 2020.3.1\jbr\bin\java.exe
0x00007ff9751f0000 - 0x00007ff9753e5000 	C:\Windows\SYSTEM32\ntdll.dll
0x00007ff9733e0000 - 0x00007ff97349d000 	C:\Windows\System32\KERNEL32.DLL
0x00007ff972e00000 - 0x00007ff9730c7000 	C:\Windows\System32\KERNELBASE.dll
0x00007ff973150000 - 0x00007ff973250000 	C:\Windows\System32\ucrtbase.dll
0x00007ff96c450000 - 0x00007ff96c467000 	C:\Program Files\JetBrains\IntelliJ IDEA 2020.3.1\jbr\bin\VCRUNTIME140.dll
0x00007ff96c660000 - 0x00007ff96c679000 	C:\Program Files\JetBrains\IntelliJ IDEA 2020.3.1\jbr\bin\jli.dll
0x00007ff974980000 - 0x00007ff974b20000 	C:\Windows\System32\USER32.dll
0x00007ff972da0000 - 0x00007ff972dc2000 	C:\Windows\System32\win32u.dll
0x00007ff95c510000 - 0x00007ff95c7ab000 	C:\Windows\WinSxS\amd64_microsoft.windows.common-controls_6595b64144ccf1df_6.0.19041.488_none_ca04af081b815d21\COMCTL32.dll
0x00007ff973bc0000 - 0x00007ff973bea000 	C:\Windows\System32\GDI32.dll
0x00007ff975110000 - 0x00007ff9751ae000 	C:\Windows\System32\msvcrt.dll
0x00007ff9729e0000 - 0x00007ff972ae9000 	C:\Windows\System32\gdi32full.dll
0x00007ff972b40000 - 0x00007ff972bdd000 	C:\Windows\System32\msvcp_win.dll
0x00007ff973db0000 - 0x00007ff973de0000 	C:\Windows\System32\IMM32.DLL
0x00007ff9615d0000 - 0x00007ff96166d000 	C:\Program Files\JetBrains\IntelliJ IDEA 2020.3.1\jbr\bin\msvcp140.dll
0x00007ff916bd0000 - 0x00007ff91769e000 	C:\Program Files\JetBrains\IntelliJ IDEA 2020.3.1\jbr\bin\server\jvm.dll
0x00007ff973de0000 - 0x00007ff973e8a000 	C:\Windows\System32\ADVAPI32.dll
0x00007ff973690000 - 0x00007ff97372b000 	C:\Windows\System32\sechost.dll
0x00007ff974020000 - 0x00007ff974144000 	C:\Windows\System32\RPCRT4.dll
0x00007ff974970000 - 0x00007ff974978000 	C:\Windows\System32\PSAPI.DLL
0x00007ff95f750000 - 0x00007ff95f759000 	C:\Windows\SYSTEM32\WSOCK32.dll
0x00007ff968f40000 - 0x00007ff968f4a000 	C:\Windows\SYSTEM32\VERSION.dll
0x00007ff962ee0000 - 0x00007ff962f07000 	C:\Windows\SYSTEM32\WINMM.dll
0x00007ff974150000 - 0x00007ff9741bb000 	C:\Windows\System32\WS2_32.dll
0x00007ff971560000 - 0x00007ff971573000 	C:\Windows\SYSTEM32\kernel.appcore.dll
0x00007ff96dce0000 - 0x00007ff96dcf1000 	C:\Program Files\JetBrains\IntelliJ IDEA 2020.3.1\jbr\bin\verify.dll
0x00007ff970780000 - 0x00007ff970964000 	C:\Windows\SYSTEM32\DBGHELP.DLL
0x00007ff95f130000 - 0x00007ff95f15c000 	C:\Windows\SYSTEM32\dbgcore.DLL
0x00007ff9730d0000 - 0x00007ff97314f000 	C:\Windows\System32\bcryptPrimitives.dll
0x00007ff96cc20000 - 0x00007ff96cc49000 	C:\Program Files\JetBrains\IntelliJ IDEA 2020.3.1\jbr\bin\java.dll
0x00007ff96f7a0000 - 0x00007ff96f7ab000 	C:\Program Files\JetBrains\IntelliJ IDEA 2020.3.1\jbr\bin\jimage.dll
0x00007ff96d070000 - 0x00007ff96d088000 	C:\Program Files\JetBrains\IntelliJ IDEA 2020.3.1\jbr\bin\zip.dll
0x00007ff974220000 - 0x00007ff974961000 	C:\Windows\System32\SHELL32.dll
0x00007ff970970000 - 0x00007ff971103000 	C:\Windows\SYSTEM32\windows.storage.dll
0x00007ff974c00000 - 0x00007ff974f55000 	C:\Windows\System32\combase.dll
0x00007ff9723a0000 - 0x00007ff9723cc000 	C:\Windows\SYSTEM32\Wldp.dll
0x00007ff973bf0000 - 0x00007ff973c9e000 	C:\Windows\System32\SHCORE.dll
0x00007ff9734b0000 - 0x00007ff973505000 	C:\Windows\System32\shlwapi.dll
0x00007ff972860000 - 0x00007ff972886000 	C:\Windows\SYSTEM32\profapi.dll
0x00007ff962ec0000 - 0x00007ff962eda000 	C:\Program Files\JetBrains\IntelliJ IDEA 2020.3.1\jbr\bin\net.dll
0x00007ff962ff0000 - 0x00007ff9630f0000 	C:\Windows\SYSTEM32\WINHTTP.dll
0x00007ff972120000 - 0x00007ff97218a000 	C:\Windows\system32\mswsock.dll
0x00007ff9628b0000 - 0x00007ff9628c4000 	C:\Program Files\JetBrains\IntelliJ IDEA 2020.3.1\jbr\bin\nio.dll

dbghelp: loaded successfully - version: 4.0.5 - missing functions: none
symbol engine: initialized successfully - sym options: 0x614 - pdb path: .;C:\Program Files\JetBrains\IntelliJ IDEA 2020.3.1\jbr\bin;C:\Windows\SYSTEM32;C:\Windows\WinSxS\amd64_microsoft.windows.common-controls_6595b64144ccf1df_6.0.19041.488_none_ca04af081b815d21;C:\Program Files\JetBrains\IntelliJ IDEA 2020.3.1\jbr\bin\server

VM Arguments:
java_command: org.jetbrains.git4idea.http.GitAskPassApp Username for 'https://github.com': 
java_class_path (initial): C:/Program Files/JetBrains/IntelliJ IDEA 2020.3.1/plugins/git4idea/lib/git4idea-rt.jar;C:/Program Files/JetBrains/IntelliJ IDEA 2020.3.1/lib/xmlrpc-2.0.1.jar;C:/Program Files/JetBrains/IntelliJ IDEA 2020.3.1/lib/commons-codec-1.14.jar
Launcher Type: SUN_STANDARD

[Global flags]
     intx CICompilerCount                          = 4                                         {product} {ergonomic}
     uint ConcGCThreads                            = 2                                         {product} {ergonomic}
     uint G1ConcRefinementThreads                  = 8                                         {product} {ergonomic}
   size_t G1HeapRegionSize                         = 1048576                                   {product} {ergonomic}
    uintx GCDrainStackTargetSize                   = 64                                        {product} {ergonomic}
   size_t InitialHeapSize                          = 134217728                                 {product} {ergonomic}
   size_t MarkStackSize                            = 4194304                                   {product} {ergonomic}
   size_t MaxHeapSize                              = 2122317824                                {product} {ergonomic}
   size_t MaxNewSize                               = 1272971264                                {product} {ergonomic}
   size_t MinHeapDeltaBytes                        = 1048576                                   {product} {ergonomic}
    uintx NonNMethodCodeHeapSize                   = 5836300                                {pd product} {ergonomic}
    uintx NonProfiledCodeHeapSize                  = 122910970                              {pd product} {ergonomic}
    uintx ProfiledCodeHeapSize                     = 122910970                              {pd product} {ergonomic}
    uintx ReservedCodeCacheSize                    = 251658240                              {pd product} {ergonomic}
     bool SegmentedCodeCache                       = true                                      {product} {ergonomic}
     bool UseCompressedClassPointers               = true                                 {lp64_product} {ergonomic}
     bool UseCompressedOops                        = true                                 {lp64_product} {ergonomic}
     bool UseG1GC                                  = true                                      {product} {ergonomic}
     bool UseLargePagesIndividualAllocation        = false                                  {pd product} {ergonomic}

Logging:
Log output configuration:
 #0: stdout all=warning uptime,level,tags
 #1: stderr all=off uptime,level,tags

Environment Variables:
PATH=C:\Program Files\Git\mingw64\libexec\git-core;C:\Program Files\Git\mingw64\libexec\git-core;C:\Program Files\Git\mingw64\bin;C:\Program Files\Git\usr\bin;C:\Users\uvinm\bin;C:\Program Files\Common Files\Oracle\Java\javapath;C:\Python27;C:\Python27\Scripts;C:\Program Files (x86)\Common Files\Oracle\Java\javapath;C:\Windows\system32;C:\Windows;C:\Windows\System32\Wbem;C:\Windows\System32\WindowsPowerShell\v1.0;C:\Windows\System32\OpenSSH;C:\Program Files (x86)\MySQL\MySQL Fabric 1.5 & MySQL Utilities 1.5;C:\Program Files (x86)\MySQL\MySQL Fabric 1.5 & MySQL Utilities 1.5\Doctrine extensions for PHP;C:\Program Files\nodejs;C:\ProgramData\chocolatey\bin;C:\Program Files\Git\cmd;C:\src\flutter\bin;C:\xampp\php;C:\ProgramData\ComposerSetup\bin;C:\Program Files\Java\jdk-11.0.9\bin;C:\Users\uvinm\AppData\Local\Microsoft\WindowsApps;C:\Users\uvinm\AppData\Local\Programs\Microsoft VS Code\bin;C:\Program Files\JetBrains\IntelliJ IDEA 2020.3.1\bin;C:\Users\uvinm\AppData\Roaming\npm;C:\Program Files\heroku\bin;C:\src\flutter\bin;D:\sonarqube-8.4.2.36762\bin;C:\Users\uvinm\AppData\Roaming\Composer\vendor\bin;C:\Python27\Scripts;C:\tools\dart-sdk\bin;C:\Users\uvinm\AppData\Roaming\Pub\Cache\bin
USERNAME=uvinm
DISPLAY=:0.0
LC_ALL=en_US.UTF-8
OS=Windows_NT
PROCESSOR_IDENTIFIER=Intel64 Family 6 Model 142 Stepping 10, GenuineIntel



---------------  S Y S T E M  ---------------

OS: Windows 10 , 64 bit Build 19041 (10.0.19041.292)
OS uptime: 12 days 3:43 hours

CPU:total 8 (initial active 8) (4 cores per cpu, 2 threads per core) family 6 model 142 stepping 10, cmov, cx8, fxsr, mmx, sse, sse2, sse3, ssse3, sse4.1, sse4.2, popcnt, avx, avx2, aes, clmul, erms, 3dnowpref, lzcnt, ht, tsc, tscinvbit, bmi1, bmi2, adx, fma

Memory: 4k page, system-wide physical 8089M (639M free)
TotalPageFile size 32665M (AvailPageFile size 0M)
current process WorkingSet (physical memory assigned to process): 39M, peak: 39M
current process commit charge ("private bytes"): 207M, peak: 207M

vm_info: OpenJDK 64-Bit Server VM (11.0.9.1+11-b1145.63) for windows-amd64 JRE (11.0.9.1+11-b1145.63), built on Dec 21 2020 13:58:54 by "" with MS VC++ 14.0 (VS2015)

END.
